2014-08-05 21:36:52.876 WARN  org.springframework.jms.listener.DefaultMessageListenerContainer.invokeErrorHandler:696行 - Execution of JMS message listener failed, and no ErrorHandler has been set.
java.lang.ClassCastException: org.apache.activemq.command.ActiveMQTextMessage cannot be cast to javax.jms.ObjectMessage
	at com.iwebirth.sxfj.jms.MessageReceiver.onMessage(MessageReceiver.java:20)
	at org.springframework.jms.listener.AbstractMessageListenerContainer.doInvokeListener(AbstractMessageListenerContainer.java:562)
	at org.springframework.jms.listener.AbstractMessageListenerContainer.invokeListener(AbstractMessageListenerContainer.java:500)
	at org.springframework.jms.listener.AbstractMessageListenerContainer.doExecuteListener(AbstractMessageListenerContainer.java:468)
	at org.springframework.jms.listener.AbstractPollingMessageListenerContainer.doReceiveAndExecute(AbstractPollingMessageListenerContainer.java:325)
	at org.springframework.jms.listener.AbstractPollingMessageListenerContainer.receiveAndExecute(AbstractPollingMessageListenerContainer.java:263)
	at org.springframework.jms.listener.DefaultMessageListenerContainer$AsyncMessageListenerInvoker.invokeListener(DefaultMessageListenerContainer.java:1103)
	at org.springframework.jms.listener.DefaultMessageListenerContainer$AsyncMessageListenerInvoker.executeOngoingLoop(DefaultMessageListenerContainer.java:1095)
	at org.springframework.jms.listener.DefaultMessageListenerContainer$AsyncMessageListenerInvoker.run(DefaultMessageListenerContainer.java:992)
	at java.lang.Thread.run(Unknown Source)
2014-08-05 21:37:40.310 WARN  org.springframework.jms.listener.DefaultMessageListenerContainer.invokeErrorHandler:696行 - Execution of JMS message listener failed, and no ErrorHandler has been set.
java.lang.ClassCastException: org.apache.activemq.command.ActiveMQTextMessage cannot be cast to javax.jms.ObjectMessage
	at com.iwebirth.sxfj.jms.MessageReceiver.onMessage(MessageReceiver.java:20)
	at org.springframework.jms.listener.AbstractMessageListenerContainer.doInvokeListener(AbstractMessageListenerContainer.java:562)
	at org.springframework.jms.listener.AbstractMessageListenerContainer.invokeListener(AbstractMessageListenerContainer.java:500)
	at org.springframework.jms.listener.AbstractMessageListenerContainer.doExecuteListener(AbstractMessageListenerContainer.java:468)
	at org.springframework.jms.listener.AbstractPollingMessageListenerContainer.doReceiveAndExecute(AbstractPollingMessageListenerContainer.java:325)
	at org.springframework.jms.listener.AbstractPollingMessageListenerContainer.receiveAndExecute(AbstractPollingMessageListenerContainer.java:263)
	at org.springframework.jms.listener.DefaultMessageListenerContainer$AsyncMessageListenerInvoker.invokeListener(DefaultMessageListenerContainer.java:1103)
	at org.springframework.jms.listener.DefaultMessageListenerContainer$AsyncMessageListenerInvoker.executeOngoingLoop(DefaultMessageListenerContainer.java:1095)
	at org.springframework.jms.listener.DefaultMessageListenerContainer$AsyncMessageListenerInvoker.run(DefaultMessageListenerContainer.java:992)
	at java.lang.Thread.run(Unknown Source)
2014-08-06 10:17:11.516 WARN  org.springframework.jms.listener.DefaultMessageListenerContainer.invokeErrorHandler:696行 - Execution of JMS message listener failed, and no ErrorHandler has been set.
java.lang.ClassCastException: org.apache.activemq.command.ActiveMQTextMessage cannot be cast to javax.jms.ObjectMessage
	at com.iwebirth.sxfj.jms.MessageReceiver.onMessage(MessageReceiver.java:20)
	at org.springframework.jms.listener.AbstractMessageListenerContainer.doInvokeListener(AbstractMessageListenerContainer.java:562)
	at org.springframework.jms.listener.AbstractMessageListenerContainer.invokeListener(AbstractMessageListenerContainer.java:500)
	at org.springframework.jms.listener.AbstractMessageListenerContainer.doExecuteListener(AbstractMessageListenerContainer.java:468)
	at org.springframework.jms.listener.AbstractPollingMessageListenerContainer.doReceiveAndExecute(AbstractPollingMessageListenerContainer.java:325)
	at org.springframework.jms.listener.AbstractPollingMessageListenerContainer.receiveAndExecute(AbstractPollingMessageListenerContainer.java:263)
	at org.springframework.jms.listener.DefaultMessageListenerContainer$AsyncMessageListenerInvoker.invokeListener(DefaultMessageListenerContainer.java:1103)
	at org.springframework.jms.listener.DefaultMessageListenerContainer$AsyncMessageListenerInvoker.executeOngoingLoop(DefaultMessageListenerContainer.java:1095)
	at org.springframework.jms.listener.DefaultMessageListenerContainer$AsyncMessageListenerInvoker.run(DefaultMessageListenerContainer.java:992)
	at java.lang.Thread.run(Unknown Source)
2014-08-06 10:20:46.506 WARN  org.springframework.jms.listener.DefaultMessageListenerContainer.invokeErrorHandler:696行 - Execution of JMS message listener failed, and no ErrorHandler has been set.
java.lang.ClassCastException: org.apache.activemq.command.ActiveMQTextMessage cannot be cast to javax.jms.ObjectMessage
	at com.iwebirth.sxfj.jms.MessageReceiver.onMessage(MessageReceiver.java:20)
	at org.springframework.jms.listener.AbstractMessageListenerContainer.doInvokeListener(AbstractMessageListenerContainer.java:562)
	at org.springframework.jms.listener.AbstractMessageListenerContainer.invokeListener(AbstractMessageListenerContainer.java:500)
	at org.springframework.jms.listener.AbstractMessageListenerContainer.doExecuteListener(AbstractMessageListenerContainer.java:468)
	at org.springframework.jms.listener.AbstractPollingMessageListenerContainer.doReceiveAndExecute(AbstractPollingMessageListenerContainer.java:325)
	at org.springframework.jms.listener.AbstractPollingMessageListenerContainer.receiveAndExecute(AbstractPollingMessageListenerContainer.java:263)
	at org.springframework.jms.listener.DefaultMessageListenerContainer$AsyncMessageListenerInvoker.invokeListener(DefaultMessageListenerContainer.java:1103)
	at org.springframework.jms.listener.DefaultMessageListenerContainer$AsyncMessageListenerInvoker.executeOngoingLoop(DefaultMessageListenerContainer.java:1095)
	at org.springframework.jms.listener.DefaultMessageListenerContainer$AsyncMessageListenerInvoker.run(DefaultMessageListenerContainer.java:992)
	at java.lang.Thread.run(Unknown Source)
2014-08-06 10:32:52.258 WARN  org.springframework.jms.listener.DefaultMessageListenerContainer.invokeErrorHandler:696行 - Execution of JMS message listener failed, and no ErrorHandler has been set.
java.lang.ClassCastException: org.apache.activemq.command.ActiveMQTextMessage cannot be cast to javax.jms.ObjectMessage
	at com.iwebirth.sxfj.jms.MessageReceiver.onMessage(MessageReceiver.java:20)
	at org.springframework.jms.listener.AbstractMessageListenerContainer.doInvokeListener(AbstractMessageListenerContainer.java:562)
	at org.springframework.jms.listener.AbstractMessageListenerContainer.invokeListener(AbstractMessageListenerContainer.java:500)
	at org.springframework.jms.listener.AbstractMessageListenerContainer.doExecuteListener(AbstractMessageListenerContainer.java:468)
	at org.springframework.jms.listener.AbstractPollingMessageListenerContainer.doReceiveAndExecute(AbstractPollingMessageListenerContainer.java:325)
	at org.springframework.jms.listener.AbstractPollingMessageListenerContainer.receiveAndExecute(AbstractPollingMessageListenerContainer.java:263)
	at org.springframework.jms.listener.DefaultMessageListenerContainer$AsyncMessageListenerInvoker.invokeListener(DefaultMessageListenerContainer.java:1103)
	at org.springframework.jms.listener.DefaultMessageListenerContainer$AsyncMessageListenerInvoker.executeOngoingLoop(DefaultMessageListenerContainer.java:1095)
	at org.springframework.jms.listener.DefaultMessageListenerContainer$AsyncMessageListenerInvoker.run(DefaultMessageListenerContainer.java:992)
	at java.lang.Thread.run(Unknown Source)
2014-08-06 10:33:11.242 WARN  org.springframework.jms.listener.DefaultMessageListenerContainer.invokeErrorHandler:696行 - Execution of JMS message listener failed, and no ErrorHandler has been set.
java.lang.ClassCastException: org.apache.activemq.command.ActiveMQTextMessage cannot be cast to javax.jms.ObjectMessage
	at com.iwebirth.sxfj.jms.MessageReceiver.onMessage(MessageReceiver.java:20)
	at org.springframework.jms.listener.AbstractMessageListenerContainer.doInvokeListener(AbstractMessageListenerContainer.java:562)
	at org.springframework.jms.listener.AbstractMessageListenerContainer.invokeListener(AbstractMessageListenerContainer.java:500)
	at org.springframework.jms.listener.AbstractMessageListenerContainer.doExecuteListener(AbstractMessageListenerContainer.java:468)
	at org.springframework.jms.listener.AbstractPollingMessageListenerContainer.doReceiveAndExecute(AbstractPollingMessageListenerContainer.java:325)
	at org.springframework.jms.listener.AbstractPollingMessageListenerContainer.receiveAndExecute(AbstractPollingMessageListenerContainer.java:263)
	at org.springframework.jms.listener.DefaultMessageListenerContainer$AsyncMessageListenerInvoker.invokeListener(DefaultMessageListenerContainer.java:1103)
	at org.springframework.jms.listener.DefaultMessageListenerContainer$AsyncMessageListenerInvoker.executeOngoingLoop(DefaultMessageListenerContainer.java:1095)
	at org.springframework.jms.listener.DefaultMessageListenerContainer$AsyncMessageListenerInvoker.run(DefaultMessageListenerContainer.java:992)
	at java.lang.Thread.run(Unknown Source)
2014-08-06 10:34:54.842 WARN  org.springframework.jms.listener.DefaultMessageListenerContainer.invokeErrorHandler:696行 - Execution of JMS message listener failed, and no ErrorHandler has been set.
java.lang.ClassCastException: org.apache.activemq.command.ActiveMQTextMessage cannot be cast to javax.jms.ObjectMessage
	at com.iwebirth.sxfj.jms.MessageReceiver.onMessage(MessageReceiver.java:20)
	at org.springframework.jms.listener.AbstractMessageListenerContainer.doInvokeListener(AbstractMessageListenerContainer.java:562)
	at org.springframework.jms.listener.AbstractMessageListenerContainer.invokeListener(AbstractMessageListenerContainer.java:500)
	at org.springframework.jms.listener.AbstractMessageListenerContainer.doExecuteListener(AbstractMessageListenerContainer.java:468)
	at org.springframework.jms.listener.AbstractPollingMessageListenerContainer.doReceiveAndExecute(AbstractPollingMessageListenerContainer.java:325)
	at org.springframework.jms.listener.AbstractPollingMessageListenerContainer.receiveAndExecute(AbstractPollingMessageListenerContainer.java:263)
	at org.springframework.jms.listener.DefaultMessageListenerContainer$AsyncMessageListenerInvoker.invokeListener(DefaultMessageListenerContainer.java:1103)
	at org.springframework.jms.listener.DefaultMessageListenerContainer$AsyncMessageListenerInvoker.executeOngoingLoop(DefaultMessageListenerContainer.java:1095)
	at org.springframework.jms.listener.DefaultMessageListenerContainer$AsyncMessageListenerInvoker.run(DefaultMessageListenerContainer.java:992)
	at java.lang.Thread.run(Unknown Source)
2014-08-06 11:01:27.702 WARN  org.springframework.jms.listener.DefaultMessageListenerContainer.invokeErrorHandler:696行 - Execution of JMS message listener failed, and no ErrorHandler has been set.
java.lang.ClassCastException: org.apache.activemq.command.ActiveMQTextMessage cannot be cast to javax.jms.ObjectMessage
	at com.iwebirth.sxfj.jms.MessageReceiver.onMessage(MessageReceiver.java:20)
	at org.springframework.jms.listener.AbstractMessageListenerContainer.doInvokeListener(AbstractMessageListenerContainer.java:562)
	at org.springframework.jms.listener.AbstractMessageListenerContainer.invokeListener(AbstractMessageListenerContainer.java:500)
	at org.springframework.jms.listener.AbstractMessageListenerContainer.doExecuteListener(AbstractMessageListenerContainer.java:468)
	at org.springframework.jms.listener.AbstractPollingMessageListenerContainer.doReceiveAndExecute(AbstractPollingMessageListenerContainer.java:325)
	at org.springframework.jms.listener.AbstractPollingMessageListenerContainer.receiveAndExecute(AbstractPollingMessageListenerContainer.java:263)
	at org.springframework.jms.listener.DefaultMessageListenerContainer$AsyncMessageListenerInvoker.invokeListener(DefaultMessageListenerContainer.java:1103)
	at org.springframework.jms.listener.DefaultMessageListenerContainer$AsyncMessageListenerInvoker.executeOngoingLoop(DefaultMessageListenerContainer.java:1095)
	at org.springframework.jms.listener.DefaultMessageListenerContainer$AsyncMessageListenerInvoker.run(DefaultMessageListenerContainer.java:992)
	at java.lang.Thread.run(Unknown Source)
2014-08-06 11:01:56.976 WARN  org.springframework.jms.listener.DefaultMessageListenerContainer.invokeErrorHandler:696行 - Execution of JMS message listener failed, and no ErrorHandler has been set.
java.lang.ClassCastException: org.apache.activemq.command.ActiveMQTextMessage cannot be cast to javax.jms.ObjectMessage
	at com.iwebirth.sxfj.jms.MessageReceiver.onMessage(MessageReceiver.java:20)
	at org.springframework.jms.listener.AbstractMessageListenerContainer.doInvokeListener(AbstractMessageListenerContainer.java:562)
	at org.springframework.jms.listener.AbstractMessageListenerContainer.invokeListener(AbstractMessageListenerContainer.java:500)
	at org.springframework.jms.listener.AbstractMessageListenerContainer.doExecuteListener(AbstractMessageListenerContainer.java:468)
	at org.springframework.jms.listener.AbstractPollingMessageListenerContainer.doReceiveAndExecute(AbstractPollingMessageListenerContainer.java:325)
	at org.springframework.jms.listener.AbstractPollingMessageListenerContainer.receiveAndExecute(AbstractPollingMessageListenerContainer.java:263)
	at org.springframework.jms.listener.DefaultMessageListenerContainer$AsyncMessageListenerInvoker.invokeListener(DefaultMessageListenerContainer.java:1103)
	at org.springframework.jms.listener.DefaultMessageListenerContainer$AsyncMessageListenerInvoker.executeOngoingLoop(DefaultMessageListenerContainer.java:1095)
	at org.springframework.jms.listener.DefaultMessageListenerContainer$AsyncMessageListenerInvoker.run(DefaultMessageListenerContainer.java:992)
	at java.lang.Thread.run(Unknown Source)
2014-08-06 11:18:38.325 WARN  org.springframework.jms.listener.DefaultMessageListenerContainer.invokeErrorHandler:696行 - Execution of JMS message listener failed, and no ErrorHandler has been set.
java.lang.ClassCastException: org.apache.activemq.command.ActiveMQTextMessage cannot be cast to javax.jms.ObjectMessage
	at com.iwebirth.sxfj.jms.MessageReceiver.onMessage(MessageReceiver.java:20)
	at org.springframework.jms.listener.AbstractMessageListenerContainer.doInvokeListener(AbstractMessageListenerContainer.java:562)
	at org.springframework.jms.listener.AbstractMessageListenerContainer.invokeListener(AbstractMessageListenerContainer.java:500)
	at org.springframework.jms.listener.AbstractMessageListenerContainer.doExecuteListener(AbstractMessageListenerContainer.java:468)
	at org.springframework.jms.listener.AbstractPollingMessageListenerContainer.doReceiveAndExecute(AbstractPollingMessageListenerContainer.java:325)
	at org.springframework.jms.listener.AbstractPollingMessageListenerContainer.receiveAndExecute(AbstractPollingMessageListenerContainer.java:263)
	at org.springframework.jms.listener.DefaultMessageListenerContainer$AsyncMessageListenerInvoker.invokeListener(DefaultMessageListenerContainer.java:1103)
	at org.springframework.jms.listener.DefaultMessageListenerContainer$AsyncMessageListenerInvoker.executeOngoingLoop(DefaultMessageListenerContainer.java:1095)
	at org.springframework.jms.listener.DefaultMessageListenerContainer$AsyncMessageListenerInvoker.run(DefaultMessageListenerContainer.java:992)
	at java.lang.Thread.run(Unknown Source)
2014-08-06 11:39:09.416 WARN  org.springframework.jms.listener.DefaultMessageListenerContainer.invokeErrorHandler:696行 - Execution of JMS message listener failed, and no ErrorHandler has been set.
java.lang.ClassCastException: org.apache.activemq.command.ActiveMQTextMessage cannot be cast to javax.jms.ObjectMessage
	at com.iwebirth.sxfj.jms.MessageReceiver.onMessage(MessageReceiver.java:20)
	at org.springframework.jms.listener.AbstractMessageListenerContainer.doInvokeListener(AbstractMessageListenerContainer.java:562)
	at org.springframework.jms.listener.AbstractMessageListenerContainer.invokeListener(AbstractMessageListenerContainer.java:500)
	at org.springframework.jms.listener.AbstractMessageListenerContainer.doExecuteListener(AbstractMessageListenerContainer.java:468)
	at org.springframework.jms.listener.AbstractPollingMessageListenerContainer.doReceiveAndExecute(AbstractPollingMessageListenerContainer.java:325)
	at org.springframework.jms.listener.AbstractPollingMessageListenerContainer.receiveAndExecute(AbstractPollingMessageListenerContainer.java:263)
	at org.springframework.jms.listener.DefaultMessageListenerContainer$AsyncMessageListenerInvoker.invokeListener(DefaultMessageListenerContainer.java:1103)
	at org.springframework.jms.listener.DefaultMessageListenerContainer$AsyncMessageListenerInvoker.executeOngoingLoop(DefaultMessageListenerContainer.java:1095)
	at org.springframework.jms.listener.DefaultMessageListenerContainer$AsyncMessageListenerInvoker.run(DefaultMessageListenerContainer.java:992)
	at java.lang.Thread.run(Unknown Source)
2014-08-06 14:08:23.526 WARN  org.springframework.jms.listener.DefaultMessageListenerContainer.invokeErrorHandler:696行 - Execution of JMS message listener failed, and no ErrorHandler has been set.
java.lang.ClassCastException: org.apache.activemq.command.ActiveMQTextMessage cannot be cast to javax.jms.ObjectMessage
	at com.iwebirth.sxfj.jms.MessageReceiver.onMessage(MessageReceiver.java:20)
	at org.springframework.jms.listener.AbstractMessageListenerContainer.doInvokeListener(AbstractMessageListenerContainer.java:562)
	at org.springframework.jms.listener.AbstractMessageListenerContainer.invokeListener(AbstractMessageListenerContainer.java:500)
	at org.springframework.jms.listener.AbstractMessageListenerContainer.doExecuteListener(AbstractMessageListenerContainer.java:468)
	at org.springframework.jms.listener.AbstractPollingMessageListenerContainer.doReceiveAndExecute(AbstractPollingMessageListenerContainer.java:325)
	at org.springframework.jms.listener.AbstractPollingMessageListenerContainer.receiveAndExecute(AbstractPollingMessageListenerContainer.java:263)
	at org.springframework.jms.listener.DefaultMessageListenerContainer$AsyncMessageListenerInvoker.invokeListener(DefaultMessageListenerContainer.java:1103)
	at org.springframework.jms.listener.DefaultMessageListenerContainer$AsyncMessageListenerInvoker.executeOngoingLoop(DefaultMessageListenerContainer.java:1095)
	at org.springframework.jms.listener.DefaultMessageListenerContainer$AsyncMessageListenerInvoker.run(DefaultMessageListenerContainer.java:992)
	at java.lang.Thread.run(Unknown Source)
2014-08-06 14:53:58.396 WARN  org.springframework.jms.listener.DefaultMessageListenerContainer.invokeErrorHandler:696行 - Execution of JMS message listener failed, and no ErrorHandler has been set.
java.lang.ClassCastException: org.apache.activemq.command.ActiveMQTextMessage cannot be cast to javax.jms.ObjectMessage
	at com.iwebirth.sxfj.jms.MessageReceiver.onMessage(MessageReceiver.java:20)
	at org.springframework.jms.listener.AbstractMessageListenerContainer.doInvokeListener(AbstractMessageListenerContainer.java:562)
	at org.springframework.jms.listener.AbstractMessageListenerContainer.invokeListener(AbstractMessageListenerContainer.java:500)
	at org.springframework.jms.listener.AbstractMessageListenerContainer.doExecuteListener(AbstractMessageListenerContainer.java:468)
	at org.springframework.jms.listener.AbstractPollingMessageListenerContainer.doReceiveAndExecute(AbstractPollingMessageListenerContainer.java:325)
	at org.springframework.jms.listener.AbstractPollingMessageListenerContainer.receiveAndExecute(AbstractPollingMessageListenerContainer.java:263)
	at org.springframework.jms.listener.DefaultMessageListenerContainer$AsyncMessageListenerInvoker.invokeListener(DefaultMessageListenerContainer.java:1103)
	at org.springframework.jms.listener.DefaultMessageListenerContainer$AsyncMessageListenerInvoker.executeOngoingLoop(DefaultMessageListenerContainer.java:1095)
	at org.springframework.jms.listener.DefaultMessageListenerContainer$AsyncMessageListenerInvoker.run(DefaultMessageListenerContainer.java:992)
	at java.lang.Thread.run(Unknown Source)
2014-08-06 14:54:39.437 WARN  org.springframework.jms.listener.DefaultMessageListenerContainer.invokeErrorHandler:696行 - Execution of JMS message listener failed, and no ErrorHandler has been set.
java.lang.ClassCastException: org.apache.activemq.command.ActiveMQTextMessage cannot be cast to javax.jms.ObjectMessage
	at com.iwebirth.sxfj.jms.MessageReceiver.onMessage(MessageReceiver.java:20)
	at org.springframework.jms.listener.AbstractMessageListenerContainer.doInvokeListener(AbstractMessageListenerContainer.java:562)
	at org.springframework.jms.listener.AbstractMessageListenerContainer.invokeListener(AbstractMessageListenerContainer.java:500)
	at org.springframework.jms.listener.AbstractMessageListenerContainer.doExecuteListener(AbstractMessageListenerContainer.java:468)
	at org.springframework.jms.listener.AbstractPollingMessageListenerContainer.doReceiveAndExecute(AbstractPollingMessageListenerContainer.java:325)
	at org.springframework.jms.listener.AbstractPollingMessageListenerContainer.receiveAndExecute(AbstractPollingMessageListenerContainer.java:263)
	at org.springframework.jms.listener.DefaultMessageListenerContainer$AsyncMessageListenerInvoker.invokeListener(DefaultMessageListenerContainer.java:1103)
	at org.springframework.jms.listener.DefaultMessageListenerContainer$AsyncMessageListenerInvoker.executeOngoingLoop(DefaultMessageListenerContainer.java:1095)
	at org.springframework.jms.listener.DefaultMessageListenerContainer$AsyncMessageListenerInvoker.run(DefaultMessageListenerContainer.java:992)
	at java.lang.Thread.run(Unknown Source)
2014-08-06 14:55:25.221 WARN  org.springframework.jms.listener.DefaultMessageListenerContainer.invokeErrorHandler:696行 - Execution of JMS message listener failed, and no ErrorHandler has been set.
java.lang.ClassCastException: org.apache.activemq.command.ActiveMQTextMessage cannot be cast to javax.jms.ObjectMessage
	at com.iwebirth.sxfj.jms.MessageReceiver.onMessage(MessageReceiver.java:20)
	at org.springframework.jms.listener.AbstractMessageListenerContainer.doInvokeListener(AbstractMessageListenerContainer.java:562)
	at org.springframework.jms.listener.AbstractMessageListenerContainer.invokeListener(AbstractMessageListenerContainer.java:500)
	at org.springframework.jms.listener.AbstractMessageListenerContainer.doExecuteListener(AbstractMessageListenerContainer.java:468)
	at org.springframework.jms.listener.AbstractPollingMessageListenerContainer.doReceiveAndExecute(AbstractPollingMessageListenerContainer.java:325)
	at org.springframework.jms.listener.AbstractPollingMessageListenerContainer.receiveAndExecute(AbstractPollingMessageListenerContainer.java:263)
	at org.springframework.jms.listener.DefaultMessageListenerContainer$AsyncMessageListenerInvoker.invokeListener(DefaultMessageListenerContainer.java:1103)
	at org.springframework.jms.listener.DefaultMessageListenerContainer$AsyncMessageListenerInvoker.executeOngoingLoop(DefaultMessageListenerContainer.java:1095)
	at org.springframework.jms.listener.DefaultMessageListenerContainer$AsyncMessageListenerInvoker.run(DefaultMessageListenerContainer.java:992)
	at java.lang.Thread.run(Unknown Source)
2014-08-06 15:55:16.789 WARN  org.springframework.jms.listener.DefaultMessageListenerContainer.invokeErrorHandler:696行 - Execution of JMS message listener failed, and no ErrorHandler has been set.
org.springframework.jms.listener.adapter.ListenerExecutionFailedException: Failed to invoke target method 'receiveMessage' with arguments {hello,jms,hello,spring}; nested exception is java.lang.NoSuchMethodException: com.iwebirth.sxfj.jms.MessageListener.receiveMessage(java.lang.String)
	at org.springframework.jms.listener.adapter.MessageListenerAdapter.invokeListenerMethod(MessageListenerAdapter.java:476)
	at org.springframework.jms.listener.adapter.MessageListenerAdapter.onMessage(MessageListenerAdapter.java:355)
	at org.springframework.jms.listener.AbstractMessageListenerContainer.doInvokeListener(AbstractMessageListenerContainer.java:537)
	at org.springframework.jms.listener.AbstractMessageListenerContainer.invokeListener(AbstractMessageListenerContainer.java:497)
	at org.springframework.jms.listener.AbstractMessageListenerContainer.doExecuteListener(AbstractMessageListenerContainer.java:468)
	at org.springframework.jms.listener.AbstractPollingMessageListenerContainer.doReceiveAndExecute(AbstractPollingMessageListenerContainer.java:325)
	at org.springframework.jms.listener.AbstractPollingMessageListenerContainer.receiveAndExecute(AbstractPollingMessageListenerContainer.java:263)
	at org.springframework.jms.listener.DefaultMessageListenerContainer$AsyncMessageListenerInvoker.invokeListener(DefaultMessageListenerContainer.java:1103)
	at org.springframework.jms.listener.DefaultMessageListenerContainer$AsyncMessageListenerInvoker.executeOngoingLoop(DefaultMessageListenerContainer.java:1095)
	at org.springframework.jms.listener.DefaultMessageListenerContainer$AsyncMessageListenerInvoker.run(DefaultMessageListenerContainer.java:992)
	at java.lang.Thread.run(Unknown Source)
Caused by: java.lang.NoSuchMethodException: com.iwebirth.sxfj.jms.MessageListener.receiveMessage(java.lang.String)
	at java.lang.Class.getMethod(Unknown Source)
	at org.springframework.util.MethodInvoker.prepare(MethodInvoker.java:178)
	at org.springframework.jms.listener.adapter.MessageListenerAdapter.invokeListenerMethod(MessageListenerAdapter.java:462)
	... 10 more
2014-08-06 15:56:01.208 WARN  org.springframework.jms.listener.DefaultMessageListenerContainer.invokeErrorHandler:696行 - Execution of JMS message listener failed, and no ErrorHandler has been set.
org.springframework.jms.listener.adapter.ListenerExecutionFailedException: Failed to invoke target method 'receiveMessage' with arguments {hello,jms,hello,spring}; nested exception is java.lang.NoSuchMethodException: com.iwebirth.sxfj.jms.MessageListener.receiveMessage(java.lang.String)
	at org.springframework.jms.listener.adapter.MessageListenerAdapter.invokeListenerMethod(MessageListenerAdapter.java:476)
	at org.springframework.jms.listener.adapter.MessageListenerAdapter.onMessage(MessageListenerAdapter.java:355)
	at org.springframework.jms.listener.AbstractMessageListenerContainer.doInvokeListener(AbstractMessageListenerContainer.java:537)
	at org.springframework.jms.listener.AbstractMessageListenerContainer.invokeListener(AbstractMessageListenerContainer.java:497)
	at org.springframework.jms.listener.AbstractMessageListenerContainer.doExecuteListener(AbstractMessageListenerContainer.java:468)
	at org.springframework.jms.listener.AbstractPollingMessageListenerContainer.doReceiveAndExecute(AbstractPollingMessageListenerContainer.java:325)
	at org.springframework.jms.listener.AbstractPollingMessageListenerContainer.receiveAndExecute(AbstractPollingMessageListenerContainer.java:263)
	at org.springframework.jms.listener.DefaultMessageListenerContainer$AsyncMessageListenerInvoker.invokeListener(DefaultMessageListenerContainer.java:1103)
	at org.springframework.jms.listener.DefaultMessageListenerContainer$AsyncMessageListenerInvoker.executeOngoingLoop(DefaultMessageListenerContainer.java:1095)
	at org.springframework.jms.listener.DefaultMessageListenerContainer$AsyncMessageListenerInvoker.run(DefaultMessageListenerContainer.java:992)
	at java.lang.Thread.run(Unknown Source)
Caused by: java.lang.NoSuchMethodException: com.iwebirth.sxfj.jms.MessageListener.receiveMessage(java.lang.String)
	at java.lang.Class.getMethod(Unknown Source)
	at org.springframework.util.MethodInvoker.prepare(MethodInvoker.java:178)
	at org.springframework.jms.listener.adapter.MessageListenerAdapter.invokeListenerMethod(MessageListenerAdapter.java:462)
	... 10 more
